[LOG] System::create                           : Header version = 1.10.11. Current version = 1.10.11.
[LOG] Manager::init                            : maxchannels = 256 studioflags = 00000006 flags 00000000 extradriverdata 0x0.
[LOG] SystemI::init                            : Initialize version=11011 (100047), maxchannels=256, flags=0x00020000
[LOG] SystemI::setOutputInternal               : Setting output to 'FMOD Core Audio Output'
[LOG] OutputCoreAudio::init                    : Output running 2 channels at 48000Hz sample rate.
[LOG] OutputCoreAudio::init                    : Maximum hardware read size: 1024 samples, Software buffer size: 512 samples, Number of software buffers: 4.
[LOG] Thread::initThread                       : Init FMOD stream thread. Priority: 2, Stack Size: 65536, Semaphore: No, Sleep Time: 10, Looping: Yes.
[LOG] Thread::initThread                       : Init FMOD mixer thread. Priority: 3, Stack Size: 49152, Semaphore: Yes, Sleep Time: 0, Looping: Yes.
[LOG] AsyncManager::init                       : manager 0x14b939008 isAsync 0 updatePeriod 0.02
[LOG] AsyncManager::init                       : done
[LOG] PlaybackSystem::init                     : 
[LOG] Thread::initThread                       : Init FMOD Studio sample load thread. Priority: 0, Stack Size: 65536, Semaphore: No, Sleep Time: 1, Looping: No.
[LOG] PlaybackSystem::init                     : done
[LOG] Thread::initThread                       : Init FMOD Studio bank load thread. Priority: 0, Stack Size: 65536, Semaphore: No, Sleep Time: 1, Looping: No.
[LOG] Manager::init                            : done.
[LOG] Manager::readBank                        : fileversion = 103, compatVersion = 99 (oldest = 44, newest = 103)
[WRN] AsyncCommandBuffer::growBuffer           : Growing command buffer to 1089272880 bytes. Initial command buffer size can be tuned to avoid dynamic growth using Studio::System::setAdvancedSettings()
[LOG] Manager::readBank                        : fileversion = 103, compatVersion = 99 (oldest = 44, newest = 103)
[LOG] SystemI::createSound                     : filename = FMODSustainPointsLee/Build/Desktop/Master Bank.bank : mode 02010082
[LOG] SystemI::createSound                     : FMOD_NONBLOCKING specified.  Putting into queue to be opened asynchronously!
[LOG] SystemI::createSound                     : setdata soundi = 0x1465df338 : node = 0x1465f0fe0
[LOG] SystemI::createSound                     : add node to async list : head = 0x126cea9f8.  list count = 0
[LOG] AsyncThread::threadFunc                  : Starting Asynchronous operation on sound 0x1465df338
[LOG] SystemI::createSoundInternal             :     Create name='FMODSustainPointsLee/Build/Desktop/Master Bank.bank', mode=0x02010082
[LOG] SystemI::createSoundInternal             :     exinfo->cbsize             = 232
[LOG] SystemI::createSoundInternal             :     exinfo->length             = 1031584
[LOG] SystemI::createSoundInternal             :     exinfo->fileoffset         = 16160
[LOG] SystemI::createSoundInternal             :     exinfo->numsubsounds       = 1
[LOG] SystemI::createSoundInternal             :     exinfo->inclusionlist      = 0x1465f10f8
[LOG] SystemI::createSoundInternal             :     exinfo->inclusionlistnum   = 1
[LOG] SystemI::createSoundInternal             :     exinfo->suggestedsoundtype = 5
[LOG] SystemI::createSoundInternal             :     exinfo->initialseekpostype = 1
[LOG] SystemI::createSoundInternal             :     Stream 0/1: name='StevenToastExcerptCh.1 - Trimmed', format=2, channels=2, frequency=48000, lengthbytes=876800, lengthpcm=5280000, pcmblocksize=0, loopstart=0, loopend=0, mode=0x00000000, channelmask=0x00000000, channelorder=0, peakvolume=0.919586.
[LOG] AsyncThread::threadFunc                  : Finished Asynchronous operation on sound 0x1465df338
[LOG] SoundI::getSubSound                      : sound 0x1465df338.  Subsound index 0 / 1
[LOG] AsyncThread::threadFunc                  : Starting Asynchronous operation on sound 0x156eadaf8
[LOG] AsyncThread::threadFunc                  : Finished Asynchronous operation on sound 0x156eadaf8
[WRN] AsyncCommandBuffer::growBuffer           : Growing command buffer to 1089272880 bytes. Initial command buffer size can be tuned to avoid dynamic growth using Studio::System::setAdvancedSettings()
[LOG] Manager::readBank                        : fileversion = 103, compatVersion = 99 (oldest = 44, newest = 103)
[LOG] AsyncThread::threadFunc                  : Starting Asynchronous operation on sound 0x156eadaf8
[LOG] AsyncThread::threadFunc                  : Finished Asynchronous operation on sound 0x156eadaf8
[LOG] Manager::readBank                        : fileversion = 103, compatVersion = 99 (oldest = 44, newest = 103)
[LOG] Manager::readBank                        : fileversion = 103, compatVersion = 99 (oldest = 44, newest = 103)
[LOG] Manager::readBank                        : fileversion = 103, compatVersion = 99 (oldest = 44, newest = 103)
[LOG] PlaybackSystem::acquireMasterBus         : Setting master channel group format to 6
[WRN] AsyncCommandBuffer::growBuffer           : Growing command buffer to 1089272880 bytes. Initial command buffer size can be tuned to avoid dynamic growth using Studio::System::setAdvancedSettings()
[LOG] SoundI::release                          : StevenToastExcerptCh.1 - Trimmed (0x1465df338)
[LOG] SoundI::release                          :     StevenToastExcerptCh.1 - Trimmed (0x156ed2ae8)
[LOG] SoundI::release                          :     StevenToastExcerptCh.1 - Trimmed (0x156eadaf8)
[LOG] SystemI::createSound                     : filename = FMODSustainPointsLee/Build/Desktop/Master Bank.bank : mode 02010082
[LOG] SystemI::createSound                     : FMOD_NONBLOCKING specified.  Putting into queue to be opened asynchronously!
[LOG] SystemI::createSound                     : setdata soundi = 0x168503958 : node = 0x146791100
[LOG] SystemI::createSound                     : add node to async list : head = 0x126cea9f8.  list count = 0
[LOG] AsyncThread::threadFunc                  : Starting Asynchronous operation on sound 0x168503958
[LOG] SystemI::createSoundInternal             :     Create name='FMODSustainPointsLee/Build/Desktop/Master Bank.bank', mode=0x02010082
[LOG] SystemI::createSoundInternal             :     exinfo->cbsize             = 232
[LOG] SystemI::createSoundInternal             :     exinfo->length             = 1031584
[LOG] SystemI::createSoundInternal             :     exinfo->fileoffset         = 16160
[LOG] SystemI::createSoundInternal             :     exinfo->numsubsounds       = 1
[LOG] SystemI::createSoundInternal             :     exinfo->inclusionlist      = 0x146791218
[LOG] SystemI::createSoundInternal             :     exinfo->inclusionlistnum   = 1
[LOG] SystemI::createSoundInternal             :     exinfo->suggestedsoundtype = 5
[LOG] SystemI::createSoundInternal             :     exinfo->initialseekposition = 16500
[LOG] SystemI::createSoundInternal             :     exinfo->initialseekpostype = 1
[LOG] SystemI::createSoundInternal             :     Stream 0/1: name='StevenToastExcerptCh.1 - Trimmed', format=2, channels=2, frequency=48000, lengthbytes=876800, lengthpcm=5280000, pcmblocksize=0, loopstart=0, loopend=0, mode=0x00000000, channelmask=0x00000000, channelorder=0, peakvolume=0.919586.
[LOG] AsyncThread::threadFunc                  : Finished Asynchronous operation on sound 0x168503958
[LOG] SoundI::getSubSound                      : sound 0x168503958.  Subsound index 0 / 1
[WRN] AsyncCommandBuffer::growBuffer           : Growing command buffer to 1089272880 bytes. Initial command buffer size can be tuned to avoid dynamic growth using Studio::System::setAdvancedSettings()
[LOG] SoundI::release                          : StevenToastExcerptCh.1 - Trimmed (0x168503958)
[LOG] SoundI::release                          :     StevenToastExcerptCh.1 - Trimmed (0x14f47e9f8)
[LOG] SoundI::release                          :     StevenToastExcerptCh.1 - Trimmed (0x14f46fbf8)
[LOG] SystemI::createSound                     : filename = FMODSustainPointsLee/Build/Desktop/Master Bank.bank : mode 02010082
[LOG] SystemI::createSound                     : FMOD_NONBLOCKING specified.  Putting into queue to be opened asynchronously!
[LOG] SystemI::createSound                     : setdata soundi = 0x168509fd8 : node = 0x16850a190
[LOG] SystemI::createSound                     : add node to async list : head = 0x126cea9f8.  list count = 0
[LOG] AsyncThread::threadFunc                  : Starting Asynchronous operation on sound 0x168509fd8
[LOG] SystemI::createSoundInternal             :     Create name='FMODSustainPointsLee/Build/Desktop/Master Bank.bank', mode=0x02010082
[LOG] SystemI::createSoundInternal             :     exinfo->cbsize             = 232
[LOG] SystemI::createSoundInternal             :     exinfo->length             = 1031584
[LOG] SystemI::createSoundInternal             :     exinfo->fileoffset         = 16160
[LOG] SystemI::createSoundInternal             :     exinfo->numsubsounds       = 1
[LOG] SystemI::createSoundInternal             :     exinfo->inclusionlist      = 0x16850a2a8
[LOG] SystemI::createSoundInternal             :     exinfo->inclusionlistnum   = 1
[LOG] SystemI::createSoundInternal             :     exinfo->suggestedsoundtype = 5
[LOG] SystemI::createSoundInternal             :     exinfo->initialseekpostype = 1
[LOG] SystemI::createSoundInternal             :     Stream 0/1: name='atmos_glasswork_01', format=2, channels=2, frequency=48000, lengthbytes=153600, lengthpcm=624005, pcmblocksize=0, loopstart=0, loopend=0, mode=0x00000000, channelmask=0x00000000, channelorder=0, peakvolume=0.022644.
[LOG] AsyncThread::threadFunc                  : Finished Asynchronous operation on sound 0x168509fd8
[LOG] SoundI::getSubSound                      : sound 0x168509fd8.  Subsound index 0 / 1
[LOG] AsyncThread::threadFunc                  : Starting Asynchronous operation on sound 0x1465a89d8
[LOG] AsyncThread::threadFunc                  : Finished Asynchronous operation on sound 0x1465a89d8
[LOG] SoundI::release                          : atmos_glasswork_01 (0x168509fd8)
[LOG] SoundI::release                          :     atmos_glasswork_01 (0x1465b6e58)
[LOG] SoundI::release                          :     atmos_glasswork_01 (0x1465a89d8)
[LOG] SystemI::createSound                     : filename = FMODSustainPointsLee/Build/Desktop/Master Bank.bank : mode 02010082
[LOG] SystemI::createSound                     : FMOD_NONBLOCKING specified.  Putting into queue to be opened asynchronously!
[LOG] SystemI::createSound                     : setdata soundi = 0x1451ded98 : node = 0x14720caa0
[LOG] SystemI::createSound                     : add node to async list : head = 0x126cea9f8.  list count = 0
[LOG] AsyncThread::threadFunc                  : Starting Asynchronous operation on sound 0x1451ded98
[LOG] SystemI::createSoundInternal             :     Create name='FMODSustainPointsLee/Build/Desktop/Master Bank.bank', mode=0x02010082
[LOG] SystemI::createSoundInternal             :     exinfo->cbsize             = 232
[LOG] SystemI::createSoundInternal             :     exinfo->length             = 1031584
[LOG] SystemI::createSoundInternal             :     exinfo->fileoffset         = 16160
[LOG] SystemI::createSoundInternal             :     exinfo->numsubsounds       = 1
[LOG] SystemI::createSoundInternal             :     exinfo->inclusionlist      = 0x14720cbb8
[LOG] SystemI::createSoundInternal             :     exinfo->inclusionlistnum   = 1
[LOG] SystemI::createSoundInternal             :     exinfo->suggestedsoundtype = 5
[LOG] SystemI::createSoundInternal             :     exinfo->initialseekpostype = 1
[LOG] SystemI::createSoundInternal             :     Stream 0/1: name='atmos_glasswork_01', format=2, channels=2, frequency=48000, lengthbytes=153600, lengthpcm=624005, pcmblocksize=0, loopstart=0, loopend=0, mode=0x00000000, channelmask=0x00000000, channelorder=0, peakvolume=0.022644.
[LOG] AsyncThread::threadFunc                  : Finished Asynchronous operation on sound 0x1451ded98
[LOG] SoundI::getSubSound                      : sound 0x1451ded98.  Subsound index 0 / 1
[LOG] AsyncThread::threadFunc                  : Starting Asynchronous operation on sound 0x1451774d8
[LOG] AsyncThread::threadFunc                  : Finished Asynchronous operation on sound 0x1451774d8
[LOG] SoundI::release                          : atmos_glasswork_01 (0x1451ded98)
[LOG] SoundI::release                          :     atmos_glasswork_01 (0x1595f4a38)
[LOG] SoundI::release                          :     atmos_glasswork_01 (0x1451774d8)
[LOG] SystemI::createSound                     : filename = FMODSustainPointsLee/Build/Desktop/Master Bank.bank : mode 02010082
[LOG] SystemI::createSound                     : FMOD_NONBLOCKING specified.  Putting into queue to be opened asynchronously!
[LOG] SystemI::createSound                     : setdata soundi = 0x146599748 : node = 0x146584a80
[LOG] SystemI::createSound                     : add node to async list : head = 0x126cea9f8.  list count = 0
[LOG] AsyncThread::threadFunc                  : Starting Asynchronous operation on sound 0x146599748
[LOG] SystemI::createSoundInternal             :     Create name='FMODSustainPointsLee/Build/Desktop/Master Bank.bank', mode=0x02010082
[LOG] SystemI::createSoundInternal             :     exinfo->cbsize             = 232
[LOG] SystemI::createSoundInternal             :     exinfo->length             = 1031584
[LOG] SystemI::createSoundInternal             :     exinfo->fileoffset         = 16160
[LOG] SystemI::createSoundInternal             :     exinfo->numsubsounds       = 1
[LOG] SystemI::createSoundInternal             :     exinfo->inclusionlist      = 0x146584b98
[LOG] SystemI::createSoundInternal             :     exinfo->inclusionlistnum   = 1
[LOG] SystemI::createSoundInternal             :     exinfo->suggestedsoundtype = 5
[LOG] SystemI::createSoundInternal             :     exinfo->initialseekposition = 24000
[LOG] SystemI::createSoundInternal             :     exinfo->initialseekpostype = 1
[LOG] SystemI::createSoundInternal             :     Stream 0/1: name='StevenToastExcerptCh.1 - Trimmed', format=2, channels=2, frequency=48000, lengthbytes=876800, lengthpcm=5280000, pcmblocksize=0, loopstart=0, loopend=0, mode=0x00000000, channelmask=0x00000000, channelorder=0, peakvolume=0.919586.
[LOG] AsyncThread::threadFunc                  : Finished Asynchronous operation on sound 0x146599748
[LOG] SoundI::getSubSound                      : sound 0x146599748.  Subsound index 0 / 1
[LOG] SoundI::release                          : StevenToastExcerptCh.1 - Trimmed (0x146599748)
[LOG] SoundI::release                          :     StevenToastExcerptCh.1 - Trimmed (0x14c565028)
[LOG] SoundI::release                          :     StevenToastExcerptCh.1 - Trimmed (0x14c1231e8)
[LOG] Thread::callback                         : FMOD Studio update thread finished.
[LOG] Thread::callback                         : FMOD Studio bank load thread finished.
[LOG] Profile::disconnectAll                   : Profiler disconnecting all clients
[LOG] Thread::callback                         : FMOD Studio sample load thread finished.
[LOG] LiveUpdate::release                      : 
[LOG] LiveUpdate::reset                        : Reset connection (reason Disconnected)
[LOG] Thread::callback                         : FMOD stream thread finished.
[LOG] Thread::callback                         : FMOD mixer thread finished.
[LOG] Profile::disconnectAll                   : Profiler disconnecting all clients
[LOG] SystemI::close                           : Closed.
